0 info it worked if it ends with ok
1 verbose cli [ '/usr/bin/nodejs',
1 verbose cli   '/usr/bin/npm',
1 verbose cli   'install',
1 verbose cli   'method-override',
1 verbose cli   '--save' ]
2 info using npm@3.5.2
3 info using node@v4.2.6
4 silly loadCurrentTree Starting
5 silly install loadCurrentTree
6 silly install readLocalPackageData
7 silly fetchPackageMetaData method-override
8 silly fetchNamedPackageData method-override
9 silly mapToRegistry name method-override
10 silly mapToRegistry using default registry
11 silly mapToRegistry registry https://registry.npmjs.org/
12 silly mapToRegistry uri https://registry.npmjs.org/method-override
13 verbose request uri https://registry.npmjs.org/method-override
14 verbose request no auth needed
15 info attempt registry request try #1 at 1:47:25 AM
16 verbose request id 1e5573112f59f851
17 http request GET https://registry.npmjs.org/method-override
18 info retry will retry, error on last attempt: Error: tunneling socket could not be established, cause=Parse Error
19 info attempt registry request try #2 at 1:47:35 AM
20 http request GET https://registry.npmjs.org/method-override
21 info retry will retry, error on last attempt: Error: tunneling socket could not be established, cause=Parse Error
22 info attempt registry request try #3 at 1:48:35 AM
23 http request GET https://registry.npmjs.org/method-override
24 silly fetchPackageMetaData Error: tunneling socket could not be established, cause=Parse Error
24 silly fetchPackageMetaData     at ClientRequest.onError (/usr/share/npm/node_modules/request/node_modules/tunnel-agent/index.js:174:17)
24 silly fetchPackageMetaData     at ClientRequest.g (events.js:260:16)
24 silly fetchPackageMetaData     at emitOne (events.js:77:13)
24 silly fetchPackageMetaData     at ClientRequest.emit (events.js:169:7)
24 silly fetchPackageMetaData     at Socket.socketOnData (_http_client.js:309:9)
24 silly fetchPackageMetaData     at emitOne (events.js:77:13)
24 silly fetchPackageMetaData     at Socket.emit (events.js:169:7)
24 silly fetchPackageMetaData     at readableAddChunk (_stream_readable.js:146:16)
24 silly fetchPackageMetaData     at Socket.Readable.push (_stream_readable.js:110:10)
24 silly fetchPackageMetaData     at TCP.onread (net.js:523:20)
24 silly fetchPackageMetaData  error for method-override { [Error: tunneling socket could not be established, cause=Parse Error] code: 'ECONNRESET' }
25 silly rollbackFailedOptional Starting
26 silly rollbackFailedOptional Finishing
27 silly runTopLevelLifecycles Starting
28 silly runTopLevelLifecycles Finishing
29 silly install printInstalled
30 verbose stack Error: tunneling socket could not be established, cause=Parse Error
30 verbose stack     at ClientRequest.onError (/usr/share/npm/node_modules/request/node_modules/tunnel-agent/index.js:174:17)
30 verbose stack     at ClientRequest.g (events.js:260:16)
30 verbose stack     at emitOne (events.js:77:13)
30 verbose stack     at ClientRequest.emit (events.js:169:7)
30 verbose stack     at Socket.socketOnData (_http_client.js:309:9)
30 verbose stack     at emitOne (events.js:77:13)
30 verbose stack     at Socket.emit (events.js:169:7)
30 verbose stack     at readableAddChunk (_stream_readable.js:146:16)
30 verbose stack     at Socket.Readable.push (_stream_readable.js:110:10)
30 verbose stack     at TCP.onread (net.js:523:20)
31 verbose cwd /home/deepanshu/WebstormProjects/blogging_site
32 error Linux 4.4.0-31-generic
33 error argv "/usr/bin/nodejs" "/usr/bin/npm" "install" "method-override" "--save"
34 error node v4.2.6
35 error npm  v3.5.2
36 error code ECONNRESET
37 error network tunneling socket could not be established, cause=Parse Error
38 error network This is most likely not a problem with npm itself
38 error network and is related to network connectivity.
38 error network In most cases you are behind a proxy or have bad network settings.
38 error network
38 error network If you are behind a proxy, please make sure that the
38 error network 'proxy' config is set properly.  See: 'npm help config'
39 verbose exit [ 1, true ]
